c:\users\liaoshuang\desktop\external-overlay-main\imgui overlay\x64\release\main.obj
c:\users\liaoshuang\desktop\external-overlay-main\imgui overlay\x64\release\vector.obj
c:\users\liaoshuang\desktop\external-overlay-main\imgui overlay\x64\release\imgui_demo.obj
c:\users\liaoshuang\desktop\external-overlay-main\imgui overlay\x64\release\imgui.obj
c:\users\liaoshuang\desktop\external-overlay-main\imgui overlay\x64\release\imgui_draw.obj
c:\users\liaoshuang\desktop\external-overlay-main\imgui overlay\x64\release\overlay.obj
c:\users\liaoshuang\desktop\external-overlay-main\imgui overlay\x64\release\gui.obj
c:\users\liaoshuang\desktop\external-overlay-main\imgui overlay\x64\release\imgui_tables.obj
c:\users\liaoshuang\desktop\external-overlay-main\imgui overlay\x64\release\imgui_widgets.obj
c:\users\liaoshuang\desktop\external-overlay-main\imgui overlay\x64\release\imgui_impl_dx11.obj
c:\users\liaoshuang\desktop\external-overlay-main\imgui overlay\x64\release\imgui_impl_win32.obj
c:\users\liaoshuang\desktop\external-overlay-main\imgui overlay\x64\release\vc143.pdb
c:\users\liaoshuang\desktop\external-overlay-main\x64\release\imgui overlay.exe
c:\users\liaoshuang\desktop\external-overlay-main\x64\release\imgui overlay.pdb
c:\users\liaoshuang\desktop\external-overlay-main\imgui overlay\x64\release\imgui overlay.res
c:\users\liaoshuang\desktop\external-overlay-main\imgui overlay\x64\release\imgui overlay.ipdb
c:\users\liaoshuang\desktop\external-overlay-main\imgui overlay\x64\release\imgui overlay.iobj
c:\users\liaoshuang\desktop\external-overlay-main\imgui overlay\x64\release\imgui overlay.tlog\cl.14060.write.1.tlog
c:\users\liaoshuang\desktop\external-overlay-main\imgui overlay\x64\release\imgui overlay.tlog\cl.command.1.tlog
c:\users\liaoshuang\desktop\external-overlay-main\imgui overlay\x64\release\imgui overlay.tlog\cl.items.tlog
c:\users\liaoshuang\desktop\external-overlay-main\imgui overlay\x64\release\imgui overlay.tlog\cl.read.1.tlog
c:\users\liaoshuang\desktop\external-overlay-main\imgui overlay\x64\release\imgui overlay.tlog\link.command.1.tlog
c:\users\liaoshuang\desktop\external-overlay-main\imgui overlay\x64\release\imgui overlay.tlog\link.read.1.tlog
c:\users\liaoshuang\desktop\external-overlay-main\imgui overlay\x64\release\imgui overlay.tlog\link.secondary.1.tlog
c:\users\liaoshuang\desktop\external-overlay-main\imgui overlay\x64\release\imgui overlay.tlog\link.write.1.tlog
c:\users\liaoshuang\desktop\external-overlay-main\imgui overlay\x64\release\imgui overlay.tlog\rc.command.1.tlog
c:\users\liaoshuang\desktop\external-overlay-main\imgui overlay\x64\release\imgui overlay.tlog\rc.read.1.tlog
c:\users\liaoshuang\desktop\external-overlay-main\imgui overlay\x64\release\imgui overlay.tlog\rc.write.1.tlog
